<?xml version="1.0" encoding="UTF-8"?>
<testsuite xmlns:xsi="http://www.w3.org/2001/XMLSchema-instance" xsi:noNamespaceSchemaLocation="https://maven.apache.org/surefire/maven-surefire-plugin/xsd/surefire-test-report-3.0.xsd" version="3.0" name="pruebas.GestorEstudianteObtenerTest" time="0.087" tests="1" errors="0" skipped="0" failures="0">
  <properties>
    <property name="java.specification.version" value="17"/>
    <property name="sun.cpu.isalist" value="amd64"/>
    <property name="sun.jnu.encoding" value="Cp1252"/>
    <property name="java.class.path" value="C:\Users\Erick Rivera\Desktop\java-traini\MODULO 4\session 24\clase1\target\test-classes;C:\Users\Erick Rivera\Desktop\java-traini\MODULO 4\session 24\clase1\target\classes;C:\Users\Erick Rivera\.m2\repository\org\junit\platform\junit-platform-launcher\1.11.2\junit-platform-launcher-1.11.2.jar;C:\Users\Erick Rivera\.m2\repository\org\junit\platform\junit-platform-engine\1.11.2\junit-platform-engine-1.11.2.jar;C:\Users\Erick Rivera\.m2\repository\org\apiguardian\apiguardian-api\1.1.2\apiguardian-api-1.1.2.jar;C:\Users\Erick Rivera\.m2\repository\org\mockito\mockito-core\5.14.2\mockito-core-5.14.2.jar;C:\Users\Erick Rivera\.m2\repository\net\bytebuddy\byte-buddy\1.15.4\byte-buddy-1.15.4.jar;C:\Users\Erick Rivera\.m2\repository\net\bytebuddy\byte-buddy-agent\1.15.4\byte-buddy-agent-1.15.4.jar;C:\Users\Erick Rivera\.m2\repository\org\objenesis\objenesis\3.3\objenesis-3.3.jar;C:\Users\Erick Rivera\.m2\repository\org\junit\platform\junit-platform-suite-api\1.11.2\junit-platform-suite-api-1.11.2.jar;C:\Users\Erick Rivera\.m2\repository\org\junit\platform\junit-platform-commons\1.11.2\junit-platform-commons-1.11.2.jar;C:\Users\Erick Rivera\.m2\repository\org\junit\jupiter\junit-jupiter-engine\5.11.2\junit-jupiter-engine-5.11.2.jar;C:\Users\Erick Rivera\.m2\repository\org\junit\jupiter\junit-jupiter-api\5.11.2\junit-jupiter-api-5.11.2.jar;C:\Users\Erick Rivera\.m2\repository\org\opentest4j\opentest4j\1.3.0\opentest4j-1.3.0.jar;C:\Users\Erick Rivera\.m2\repository\com\fasterxml\jackson\core\jackson-databind\2.18.0\jackson-databind-2.18.0.jar;C:\Users\Erick Rivera\.m2\repository\com\fasterxml\jackson\core\jackson-annotations\2.18.0\jackson-annotations-2.18.0.jar;C:\Users\Erick Rivera\.m2\repository\com\fasterxml\jackson\core\jackson-core\2.18.0\jackson-core-2.18.0.jar;"/>
    <property name="java.vm.vendor" value="Oracle Corporation"/>
    <property name="sun.arch.data.model" value="64"/>
    <property name="user.variant" value=""/>
    <property name="java.vendor.url" value="https://java.oracle.com/"/>
    <property name="user.timezone" value="America/Santiago"/>
    <property name="os.name" value="Windows 10"/>
    <property name="java.vm.specification.version" value="17"/>
    <property name="sun.java.launcher" value="SUN_STANDARD"/>
    <property name="user.country" value="CL"/>
    <property name="sun.boot.library.path" value="C:\Program Files\Java\jdk-17\bin"/>
    <property name="sun.java.command" value="C:\Users\Erick Rivera\AppData\Local\Temp\surefire7664724224677336682\surefirebooter-20241018202120501_3.jar C:\Users\Erick Rivera\AppData\Local\Temp\surefire7664724224677336682 2024-10-18T20-21-18_026-jvmRun1 surefire-20241018202120501_1tmp surefire_0-20241018202120501_2tmp"/>
    <property name="jdk.debug" value="release"/>
    <property name="surefire.test.class.path" value="C:\Users\Erick Rivera\Desktop\java-traini\MODULO 4\session 24\clase1\target\test-classes;C:\Users\Erick Rivera\Desktop\java-traini\MODULO 4\session 24\clase1\target\classes;C:\Users\Erick Rivera\.m2\repository\org\junit\platform\junit-platform-launcher\1.11.2\junit-platform-launcher-1.11.2.jar;C:\Users\Erick Rivera\.m2\repository\org\junit\platform\junit-platform-engine\1.11.2\junit-platform-engine-1.11.2.jar;C:\Users\Erick Rivera\.m2\repository\org\apiguardian\apiguardian-api\1.1.2\apiguardian-api-1.1.2.jar;C:\Users\Erick Rivera\.m2\repository\org\mockito\mockito-core\5.14.2\mockito-core-5.14.2.jar;C:\Users\Erick Rivera\.m2\repository\net\bytebuddy\byte-buddy\1.15.4\byte-buddy-1.15.4.jar;C:\Users\Erick Rivera\.m2\repository\net\bytebuddy\byte-buddy-agent\1.15.4\byte-buddy-agent-1.15.4.jar;C:\Users\Erick Rivera\.m2\repository\org\objenesis\objenesis\3.3\objenesis-3.3.jar;C:\Users\Erick Rivera\.m2\repository\org\junit\platform\junit-platform-suite-api\1.11.2\junit-platform-suite-api-1.11.2.jar;C:\Users\Erick Rivera\.m2\repository\org\junit\platform\junit-platform-commons\1.11.2\junit-platform-commons-1.11.2.jar;C:\Users\Erick Rivera\.m2\repository\org\junit\jupiter\junit-jupiter-engine\5.11.2\junit-jupiter-engine-5.11.2.jar;C:\Users\Erick Rivera\.m2\repository\org\junit\jupiter\junit-jupiter-api\5.11.2\junit-jupiter-api-5.11.2.jar;C:\Users\Erick Rivera\.m2\repository\org\opentest4j\opentest4j\1.3.0\opentest4j-1.3.0.jar;C:\Users\Erick Rivera\.m2\repository\com\fasterxml\jackson\core\jackson-databind\2.18.0\jackson-databind-2.18.0.jar;C:\Users\Erick Rivera\.m2\repository\com\fasterxml\jackson\core\jackson-annotations\2.18.0\jackson-annotations-2.18.0.jar;C:\Users\Erick Rivera\.m2\repository\com\fasterxml\jackson\core\jackson-core\2.18.0\jackson-core-2.18.0.jar;"/>
    <property name="sun.cpu.endian" value="little"/>
    <property name="user.home" value="C:\Users\Erick Rivera"/>
    <property name="user.language" value="es"/>
    <property name="java.specification.vendor" value="Oracle Corporation"/>
    <property name="java.version.date" value="2024-01-16"/>
    <property name="java.home" value="C:\Program Files\Java\jdk-17"/>
    <property name="file.separator" value="\"/>
    <property name="basedir" value="C:\Users\Erick Rivera\Desktop\java-traini\MODULO 4\session 24\clase1"/>
    <property name="java.vm.compressedOopsMode" value="Zero based"/>
    <property name="line.separator" value="&#10;"/>
    <property name="java.vm.specification.vendor" value="Oracle Corporation"/>
    <property name="java.specification.name" value="Java Platform API Specification"/>
    <property name="surefire.real.class.path" value="C:\Users\Erick Rivera\AppData\Local\Temp\surefire7664724224677336682\surefirebooter-20241018202120501_3.jar"/>
    <property name="user.script" value=""/>
    <property name="sun.management.compiler" value="HotSpot 64-Bit Tiered Compilers"/>
    <property name="java.runtime.version" value="17.0.10+11-LTS-240"/>
    <property name="user.name" value="Erick Rivera"/>
    <property name="path.separator" value=";"/>
    <property name="os.version" value="10.0"/>
    <property name="java.runtime.name" value="Java(TM) SE Runtime Environment"/>
    <property name="file.encoding" value="Cp1252"/>
    <property name="java.vm.name" value="Java HotSpot(TM) 64-Bit Server VM"/>
    <property name="localRepository" value="C:\Users\Erick Rivera\.m2\repository"/>
    <property name="java.vendor.url.bug" value="https://bugreport.java.com/bugreport/"/>
    <property name="java.io.tmpdir" value="C:\Users\ERICKR~1\AppData\Local\Temp\"/>
    <property name="java.version" value="17.0.10"/>
    <property name="user.dir" value="C:\Users\Erick Rivera\Desktop\java-traini\MODULO 4\session 24\clase1"/>
    <property name="os.arch" value="amd64"/>
    <property name="java.vm.specification.name" value="Java Virtual Machine Specification"/>
    <property name="sun.os.patch.level" value=""/>
    <property name="native.encoding" value="Cp1252"/>
    <property name="java.library.path" value="C:\Program Files\Java\jdk-17\bin;C:\Windows\Sun\Java\bin;C:\Windows\system32;C:\Windows;C:\Users\Erick Rivera\bin;C:\Program Files\Git\mingw64\bin;C:\Program Files\Git\usr\local\bin;C:\Program Files\Git\usr\bin;C:\Program Files\Git\usr\bin;C:\Program Files\Git\mingw64\bin;C:\Program Files\Git\usr\bin;C:\Users\Erick Rivera\bin;C:\Ruby31-x64\bin;C:\Program Files\Common Files\Oracle\Java\javapath;C:\Program Files (x86)\Common Files\Oracle\Java\java8path;C:\Program Files (x86)\Common Files\Oracle\Java\javapath;C:\Program Files\Python312\Scripts;C:\Program Files\Python312;C:\Program Files (x86)\Common Files\Intel\Shared Libraries\redist\intel64\compiler;C:\Windows\system32;C:\Windows;C:\Windows\System32\Wbem;C:\Windows\System32\WindowsPowerShell\v1.0;C:\Windows\System32\OpenSSH;C:\Program Files\nodejs;C:\ProgramData\chocolatey\bin;C:\Program Files\Microsoft SQL Server\150\Tools\Binn;C:\Program Files\Microsoft SQL Server\Client SDK\ODBC\170\Tools\Binn;C:\Program Files\Git\cmd;C:\Program Files\Git\;C:\Program Files\Calibre2;C:\Program Files (x86)\Touch Portal\plugins\adb\platform-tools;C:\Windows\system32\Scripts;C:\Users\Erick Rivera\AppData\Roaming\Python\Python312\Scripts;C:\php;C:\poppler;C:\poppler\Library\bin;C:\Program Files\Git LFS;C:\msys64\ucrt64\bin;C:\MinGW\bin;C:\cint;C:\Ruby31-x64;C:\Ruby31-x64\include;C:\Ruby31-x64\include\ruby-3.1.0;C:\Program Files\CMake\bin;C:\tools\winfetch;C:\Users\Erick Rivera\.deno\bin;C:\Program Files\NASM;C:\Program Files (x86)\Windows Kits\10\Windows Performance Toolkit;C:\arduino-cli;C:\Lua\bin;C:\Program Files\Racket;C:\Program Files\PostgreSQL\15\bin;C:\airsdk;C:\Program Files\Java\jdk-17\bin;C:\Users\Erick Rivera\AppData\Roaming\Python\Python312;C:\sqlite3;C:\gnu-bc\bin;C:\Program Files\Docker\Docker\resources\bin;C:\lisp;C:\Program Files\dotnet;C:\nginx;C:\wamp64\bin\mysql\mysql8.2.0\bin;C:\wamp64\bin\mysql\mysql8.2.0\lib;C:\wamp64\bin\mysql\mysql8.2.0\include;C:\Ruby31-x64\bin;C:\Program Files\Go\bin;C:\Program Files\PuTTY;C:\apache-maven-3.9.9\bin;C:\Program Files\MySQL\MySQL Shell 8.0\bin;C:\Users\Erick Rivera\scoop\shims;C:\Users\Erick Rivera\AppData\Local\Programs\Python\Python312\Scripts;C:\Users\Erick Rivera\AppData\Local\Programs\Python\Python312;C:\Users\Erick Rivera\AppData\Local\Microsoft\WindowsApps;C:\Users\Erick Rivera\AppData\Local\Programs\Microsoft VS Code\bin;C:\Users\Erick Rivera\AppData\Roaming\npm;C:\Users\Erick Rivera\.dotnet\tools;C:\Users\Erick Rivera\Scripts;C:\Users\Erick Rivera\AppData\Roaming\Python\Python312\Scripts;C:\Windows\System32\Scripts;C:\Exercism;C:\Users\Erick Rivera\AppData\Local\Programs\Julia-1.10.1\bin;C:\Users\Erick Rivera\.deno\bin;C:\Users\Erick Rivera\.dotnet\tools;C:\Program Files\JetBrains\IntelliJ IDEA Community Edition 2024.2.3\bin;C:\Users\Erick Rivera\go\bin;C:\apache-maven-3.9.9\bin;C:\Program Files\Git\usr\bin\vendor_perl;C:\Program Files\Git\usr\bin\core_perl;."/>
    <property name="java.vm.info" value="mixed mode, sharing"/>
    <property name="java.vendor" value="Oracle Corporation"/>
    <property name="java.vm.version" value="17.0.10+11-LTS-240"/>
    <property name="sun.io.unicode.encoding" value="UnicodeLittle"/>
    <property name="java.class.version" value="61.0"/>
  </properties>
  <testcase name="testObtenerEstudiante" classname="pruebas.GestorEstudianteObtenerTest" time="0.049">
    <system-out><![CDATA[Hola
]]></system-out>
  </testcase>
</testsuite>